[INFO] Scanning for projects...
[INFO] 
[INFO] --------------------------< com.example:demo >--------------------------
[INFO] Building demo 0.0.1-SNAPSHOT
[INFO]   from pom.xml
[INFO] --------------------------------[ jar ]---------------------------------
[INFO] 
[INFO] >>> spring-boot:3.3.5:run (default-cli) > test-compile @ demo >>>
[INFO] 
[INFO] --- resources:3.3.1:resources (default-resources) @ demo ---
[INFO] Copying 1 resource from src/main/resources to target/classes
[INFO] Copying 1 resource from src/main/resources to target/classes
[INFO] 
[INFO] --- compiler:3.13.0:compile (default-compile) @ demo ---
[INFO] Recompiling the module because of changed source code.
[INFO] Compiling 63 source files with javac [debug parameters release 21] to target/classes
[INFO] Annotation processing is enabled because one or more processors were found
  on the class path. A future release of javac may disable annotation processing
  unless at least one processor is specified by name (-processor), or a search
  path is specified (--processor-path, --processor-module-path), or annotation
  processing is enabled explicitly (-proc:only, -proc:full).
  Use -Xlint:-options to suppress this message.
  Use -proc:none to disable annotation processing.
[INFO] /home/ademyoussfi/Desktop/Projects/project-manager/Backend/src/main/java/com/example/demo/aspect/RateLimitAspect.java: Some input files use or override a deprecated API.
[INFO] /home/ademyoussfi/Desktop/Projects/project-manager/Backend/src/main/java/com/example/demo/aspect/RateLimitAspect.java: Recompile with -Xlint:deprecation for details.
[INFO] 
[INFO] --- resources:3.3.1:testResources (default-testResources) @ demo ---
[INFO] skip non existing resourceDirectory /home/ademyoussfi/Desktop/Projects/project-manager/Backend/src/test/resources
[INFO] 
[INFO] --- compiler:3.13.0:testCompile (default-testCompile) @ demo ---
[INFO] Recompiling the module because of changed dependency.
[INFO] 
[INFO] <<< spring-boot:3.3.5:run (default-cli) < test-compile @ demo <<<
[INFO] 
[INFO] 
[INFO] --- spring-boot:3.3.5:run (default-cli) @ demo ---
[INFO] Attaching agents: []

  .   ____          _            __ _ _
 /\\ / ___'_ __ _ _(_)_ __  __ _ \ \ \ \
( ( )\___ | '_ | '_| | '_ \/ _` | \ \ \ \
 \\/  ___)| |_)| | | | | || (_| |  ) ) ) )
  '  |____| .__|_| |_|_| |_\__, | / / / /
 =========|_|==============|___/=/_/_/_/

 :: Spring Boot ::                (v3.3.5)

2025-12-17T22:45:46.923+01:00  INFO 233088 --- [demo] [           main] com.example.demo.DemoApplication         : Starting DemoApplication using Java 21.0.8 with PID 233088 (/home/ademyoussfi/Desktop/Projects/project-manager/Backend/target/classes started by ademyoussfi in /home/ademyoussfi/Desktop/Projects/project-manager/Backend)
2025-12-17T22:45:46.925+01:00  INFO 233088 --- [demo] [           main] com.example.demo.DemoApplication         : No active profile set, falling back to 1 default profile: "default"
2025-12-17T22:45:47.475+01:00  INFO 233088 --- [demo] [           main] .s.d.r.c.RepositoryConfigurationDelegate : Bootstrapping Spring Data JPA repositories in DEFAULT mode.
2025-12-17T22:45:47.527+01:00  INFO 233088 --- [demo] [           main] .s.d.r.c.RepositoryConfigurationDelegate : Finished Spring Data repository scanning in 47 ms. Found 11 JPA repository interfaces.
2025-12-17T22:45:47.934+01:00  INFO 233088 --- [demo] [           main] o.s.b.w.embedded.tomcat.TomcatWebServer  : Tomcat initialized with port 8080 (http)
2025-12-17T22:45:47.944+01:00  INFO 233088 --- [demo] [           main] o.apache.catalina.core.StandardService   : Starting service [Tomcat]
2025-12-17T22:45:47.944+01:00  INFO 233088 --- [demo] [           main] o.apache.catalina.core.StandardEngine    : Starting Servlet engine: [Apache Tomcat/10.1.31]
2025-12-17T22:45:47.977+01:00  INFO 233088 --- [demo] [           main] o.a.c.c.C.[Tomcat].[localhost].[/]       : Initializing Spring embedded WebApplicationContext
2025-12-17T22:45:47.978+01:00  INFO 233088 --- [demo] [           main] w.s.c.ServletWebServerApplicationContext : Root WebApplicationContext: initialization completed in 1028 ms
2025-12-17T22:45:48.067+01:00  INFO 233088 --- [demo] [           main] o.hibernate.jpa.internal.util.LogHelper  : HHH000204: Processing PersistenceUnitInfo [name: default]
2025-12-17T22:45:48.112+01:00  INFO 233088 --- [demo] [           main] org.hibernate.Version                    : HHH000412: Hibernate ORM core version 6.5.3.Final
2025-12-17T22:45:48.139+01:00  INFO 233088 --- [demo] [           main] o.h.c.internal.RegionFactoryInitiator    : HHH000026: Second-level cache disabled
2025-12-17T22:45:48.327+01:00  INFO 233088 --- [demo] [           main] o.s.o.j.p.SpringPersistenceUnitInfo      : No LoadTimeWeaver setup: ignoring JPA class transformer
2025-12-17T22:45:48.345+01:00  INFO 233088 --- [demo] [           main] com.zaxxer.hikari.HikariDataSource       : HikariPool-1 - Starting...
2025-12-17T22:45:48.451+01:00  INFO 233088 --- [demo] [           main] com.zaxxer.hikari.pool.HikariPool        : HikariPool-1 - Added connection com.mysql.cj.jdbc.ConnectionImpl@38fb151a
2025-12-17T22:45:48.452+01:00  INFO 233088 --- [demo] [           main] com.zaxxer.hikari.HikariDataSource       : HikariPool-1 - Start completed.
2025-12-17T22:45:48.477+01:00  WARN 233088 --- [demo] [           main] org.hibernate.dialect.Dialect            : HHH000511: The 5.5.5 version for [org.hibernate.dialect.MySQLDialect] is no longer supported, hence certain features may not work properly. The minimum supported version is 8.0.0. Check the community dialects project for available legacy versions.
2025-12-17T22:45:48.479+01:00  WARN 233088 --- [demo] [           main] org.hibernate.orm.deprecation            : HHH90000025: MySQLDialect does not need to be specified explicitly using 'hibernate.dialect' (remove the property setting and it will be selected by default)
2025-12-17T22:45:49.131+01:00  INFO 233088 --- [demo] [           main] o.h.e.t.j.p.i.JtaPlatformInitiator       : HHH000489: No JTA platform available (set 'hibernate.transaction.jta.platform' to enable JTA platform integration)
Hibernate: alter table ai_analysis modify column result_text TEXT
Hibernate: alter table chat_logs modify column message TEXT not null
2025-12-17T22:45:49.211+01:00  INFO 233088 --- [demo] [           main] j.LocalContainerEntityManagerFactoryBean : Initialized JPA EntityManagerFactory for persistence unit 'default'
2025-12-17T22:45:49.513+01:00  INFO 233088 --- [demo] [           main] eAuthenticationProviderManagerConfigurer : Global AuthenticationManager configured with AuthenticationProvider bean with name authenticationProvider
2025-12-17T22:45:49.514+01:00  WARN 233088 --- [demo] [           main] r$InitializeUserDetailsManagerConfigurer : Global AuthenticationManager configured with an AuthenticationProvider bean. UserDetailsService beans will not be used for username/password login. Consider removing the AuthenticationProvider bean. Alternatively, consider using the UserDetailsService in a manually instantiated DaoAuthenticationProvider.
2025-12-17T22:45:49.715+01:00  WARN 233088 --- [demo] [           main] JpaBaseConfiguration$JpaWebConfiguration : spring.jpa.open-in-view is enabled by default. Therefore, database queries may be performed during view rendering. Explicitly configure spring.jpa.open-in-view to disable this warning
2025-12-17T22:45:50.200+01:00  INFO 233088 --- [demo] [           main] o.s.b.w.embedded.tomcat.TomcatWebServer  : Tomcat started on port 8080 (http) with context path '/'
2025-12-17T22:45:50.206+01:00  INFO 233088 --- [demo] [           main] com.example.demo.DemoApplication         : Started DemoApplication in 3.518 seconds (process running for 3.75)
2025-12-17T22:46:11.838+01:00  INFO 233088 --- [demo] [nio-8080-exec-1] o.a.c.c.C.[Tomcat].[localhost].[/]       : Initializing Spring DispatcherServlet 'dispatcherServlet'
2025-12-17T22:46:11.838+01:00  INFO 233088 --- [demo] [nio-8080-exec-1] o.s.web.servlet.DispatcherServlet        : Initializing Servlet 'dispatcherServlet'
2025-12-17T22:46:11.839+01:00  INFO 233088 --- [demo] [nio-8080-exec-1] o.s.web.servlet.DispatcherServlet        : Completed initialization in 1 ms
Hibernate: select au1_0.id,au1_0.created_at,au1_0.email,au1_0.enabled,au1_0.full_name,au1_0.password,au1_0.role_type from users au1_0 where au1_0.email=?
Hibernate: select au1_0.id,au1_0.created_at,au1_0.email,au1_0.enabled,au1_0.full_name,au1_0.password,au1_0.role_type from users au1_0 where au1_0.email=?
Hibernate: insert into users (created_at,email,enabled,full_name,password,role_type) values (?,?,?,?,?,?)
Hibernate: select vc1_0.id,vc1_0.code,vc1_0.email,vc1_0.expiry_date from verification_codes vc1_0 where vc1_0.email=?
Hibernate: insert into verification_codes (code,email,expiry_date) values (?,?,?)
DEBUG: Jakarta Mail version 2.1.3
DEBUG: URL jar:file:/home/ademyoussfi/.m2/repository/org/eclipse/angus/jakarta.mail/2.0.3/jakarta.mail-2.0.3.jar!/META-INF/javamail.providers
DEBUG: successfully loaded resource: jar:file:/home/ademyoussfi/.m2/repository/org/eclipse/angus/jakarta.mail/2.0.3/jakarta.mail-2.0.3.jar!/META-INF/javamail.providers
DEBUG: successfully loaded resource: /META-INF/javamail.default.providers
DEBUG: Tables of loaded providers
DEBUG: Providers Listed By Class Name: {org.eclipse.angus.mail.imap.IMAPStore=jakarta.mail.Provider[STORE,imap,org.eclipse.angus.mail.imap.IMAPStore,Oracle], org.eclipse.angus.mail.smtp.SMTPTransport=jakarta.mail.Provider[TRANSPORT,smtp,org.eclipse.angus.mail.smtp.SMTPTransport,Oracle], org.eclipse.angus.mail.pop3.POP3Store=jakarta.mail.Provider[STORE,pop3,org.eclipse.angus.mail.pop3.POP3Store,Oracle], org.eclipse.angus.mail.pop3.POP3SSLStore=jakarta.mail.Provider[STORE,pop3s,org.eclipse.angus.mail.pop3.POP3SSLStore,Oracle], org.eclipse.angus.mail.smtp.SMTPSSLTransport=jakarta.mail.Provider[TRANSPORT,smtps,org.eclipse.angus.mail.smtp.SMTPSSLTransport,Oracle], org.eclipse.angus.mail.imap.IMAPSSLStore=jakarta.mail.Provider[STORE,imaps,org.eclipse.angus.mail.imap.IMAPSSLStore,Oracle]}
DEBUG: Providers Listed By Protocol: {imap=jakarta.mail.Provider[STORE,imap,org.eclipse.angus.mail.imap.IMAPStore,Oracle], smtp=jakarta.mail.Provider[TRANSPORT,smtp,org.eclipse.angus.mail.smtp.SMTPTransport,Oracle], pop3=jakarta.mail.Provider[STORE,pop3,org.eclipse.angus.mail.pop3.POP3Store,Oracle], imaps=jakarta.mail.Provider[STORE,imaps,org.eclipse.angus.mail.imap.IMAPSSLStore,Oracle], smtps=jakarta.mail.Provider[TRANSPORT,smtps,org.eclipse.angus.mail.smtp.SMTPSSLTransport,Oracle], pop3s=jakarta.mail.Provider[STORE,pop3s,org.eclipse.angus.mail.pop3.POP3SSLStore,Oracle]}
DEBUG: successfully loaded resource: /META-INF/javamail.default.address.map
DEBUG: URL jar:file:/home/ademyoussfi/.m2/repository/org/eclipse/angus/jakarta.mail/2.0.3/jakarta.mail-2.0.3.jar!/META-INF/javamail.address.map
DEBUG: successfully loaded resource: jar:file:/home/ademyoussfi/.m2/repository/org/eclipse/angus/jakarta.mail/2.0.3/jakarta.mail-2.0.3.jar!/META-INF/javamail.address.map
DEBUG: getProvider() returning jakarta.mail.Provider[TRANSPORT,smtp,org.eclipse.angus.mail.smtp.SMTPTransport,Oracle]
DEBUG SMTP: useEhlo true, useAuth true
DEBUG SMTP: trying to connect to host "smtp.gmail.com", port 587, isSSL false
220 smtp.gmail.com ESMTP 5b1f17b1804b1-47be3aa7cd0sm1041885e9.8 - gsmtp
DEBUG SMTP: connected to host "smtp.gmail.com", port: 587
EHLO pop-os
250-smtp.gmail.com at your service, [197.14.231.12]
250-SIZE 35882577
250-8BITMIME
250-STARTTLS
250-ENHANCEDSTATUSCODES
250-PIPELINING
250-CHUNKING
250 SMTPUTF8
DEBUG SMTP: Found extension "SIZE", arg "35882577"
DEBUG SMTP: Found extension "8BITMIME", arg ""
DEBUG SMTP: Found extension "STARTTLS", arg ""
DEBUG SMTP: Found extension "ENHANCEDSTATUSCODES", arg ""
DEBUG SMTP: Found extension "PIPELINING", arg ""
DEBUG SMTP: Found extension "CHUNKING", arg ""
DEBUG SMTP: Found extension "SMTPUTF8", arg ""
STARTTLS
220 2.0.0 Ready to start TLS
EHLO pop-os
250-smtp.gmail.com at your service, [197.14.231.12]
250-SIZE 35882577
250-8BITMIME
250-AUTH LOGIN PLAIN XOAUTH2 PLAIN-CLIENTTOKEN OAUTHBEARER XOAUTH
250-ENHANCEDSTATUSCODES
250-PIPELINING
250-CHUNKING
250 SMTPUTF8
DEBUG SMTP: Found extension "SIZE", arg "35882577"
DEBUG SMTP: Found extension "8BITMIME", arg ""
DEBUG SMTP: Found extension "AUTH", arg "LOGIN PLAIN XOAUTH2 PLAIN-CLIENTTOKEN OAUTHBEARER XOAUTH"
DEBUG SMTP: Found extension "ENHANCEDSTATUSCODES", arg ""
DEBUG SMTP: Found extension "PIPELINING", arg ""
DEBUG SMTP: Found extension "CHUNKING", arg ""
DEBUG SMTP: Found extension "SMTPUTF8", arg ""
DEBUG SMTP: protocolConnect login, host=smtp.gmail.com, user=ademyoussfi57@gmail.com, password=<non-null>
DEBUG SMTP: Attempt to authenticate using mechanisms: LOGIN PLAIN DIGEST-MD5 NTLM XOAUTH2 
DEBUG SMTP: Using mechanism LOGIN
DEBUG SMTP: AUTH LOGIN command trace suppressed
DEBUG SMTP: AUTH LOGIN succeeded
DEBUG SMTP: use8bit false
MAIL FROM:<ademyoussfi@pop-os>
250 2.1.0 OK 5b1f17b1804b1-47be3aa7cd0sm1041885e9.8 - gsmtp
RCPT TO:<reset-test@example.com>
250 2.1.5 OK 5b1f17b1804b1-47be3aa7cd0sm1041885e9.8 - gsmtp
DEBUG SMTP: Verified Addresses
DEBUG SMTP:   reset-test@example.com
DATA
354 Go ahead 5b1f17b1804b1-47be3aa7cd0sm1041885e9.8 - gsmtp
Date: Wed, 17 Dec 2025 22:47:37 +0100 (CET)
To: reset-test@example.com
Message-ID: <270571217.2.1766008057859@pop-os>
Subject: Your IntelliManage Verification Code
MIME-Version: 1.0
Content-Type: multipart/mixed; 
	boundary="----=_Part_0_1538196639.1766008056928"

------=_Part_0_1538196639.1766008056928
Content-Type: multipart/related; 
	boundary="----=_Part_1_711640272.1766008056932"

------=_Part_1_711640272.1766008056932
Content-Type: text/html;charset=UTF-8
Content-Transfer-Encoding: 7bit

<div style='font-family: Arial, sans-serif; max-width: 600px; margin: 0 auto; padding: 20px; border: 1px solid #e0e0e0; border-radius: 10px;'><h2 style='color: #4A90E2; text-align: center;'>IntelliManage</h2><p>Hello,</p><p>Thank you for joining IntelliManage! Please use the following 6-digit code to verify your email address:</p><div style='background-color: #f9f9f9; padding: 15px; border-radius: 5px; text-align: center; font-size: 24px; font-weight: bold; letter-spacing: 5px; color: #333;'>126572</div><p>This code will expire in 10 minutes.</p><p>If you did not request this code, please ignore this email.</p><hr style='border: 0; border-top: 1px solid #eee; margin: 20px 0;'><p style='font-size: 12px; color: #888; text-align: center;'>&copy; 2025 IntelliManage. All rights reserved.</p></div>
------=_Part_1_711640272.1766008056932--

------=_Part_0_1538196639.1766008056928--
.
250 2.0.0 OK  1766008058 5b1f17b1804b1-47be3aa7cd0sm1041885e9.8 - gsmtp
DEBUG SMTP: message successfully delivered to mail server
QUIT
221 2.0.0 closing connection 5b1f17b1804b1-47be3aa7cd0sm1041885e9.8 - gsmtp
Hibernate: select au1_0.id,au1_0.created_at,au1_0.email,au1_0.enabled,au1_0.full_name,au1_0.password,au1_0.role_type from users au1_0 where au1_0.email=?
Hibernate: select vc1_0.id,vc1_0.code,vc1_0.email,vc1_0.expiry_date from verification_codes vc1_0 where vc1_0.email=?
DEBUG: getProvider() returning jakarta.mail.Provider[TRANSPORT,smtp,org.eclipse.angus.mail.smtp.SMTPTransport,Oracle]
DEBUG SMTP: useEhlo true, useAuth true
DEBUG SMTP: trying to connect to host "smtp.gmail.com", port 587, isSSL false
220 smtp.gmail.com ESMTP ffacd0b85a97d-4324493fd73sm1224747f8f.13 - gsmtp
DEBUG SMTP: connected to host "smtp.gmail.com", port: 587
EHLO pop-os
250-smtp.gmail.com at your service, [197.14.231.12]
250-SIZE 35882577
250-8BITMIME
250-STARTTLS
250-ENHANCEDSTATUSCODES
250-PIPELINING
250-CHUNKING
250 SMTPUTF8
DEBUG SMTP: Found extension "SIZE", arg "35882577"
DEBUG SMTP: Found extension "8BITMIME", arg ""
DEBUG SMTP: Found extension "STARTTLS", arg ""
DEBUG SMTP: Found extension "ENHANCEDSTATUSCODES", arg ""
DEBUG SMTP: Found extension "PIPELINING", arg ""
DEBUG SMTP: Found extension "CHUNKING", arg ""
DEBUG SMTP: Found extension "SMTPUTF8", arg ""
STARTTLS
220 2.0.0 Ready to start TLS
EHLO pop-os
250-smtp.gmail.com at your service, [197.14.231.12]
250-SIZE 35882577
250-8BITMIME
250-AUTH LOGIN PLAIN XOAUTH2 PLAIN-CLIENTTOKEN OAUTHBEARER XOAUTH
250-ENHANCEDSTATUSCODES
250-PIPELINING
250-CHUNKING
250 SMTPUTF8
DEBUG SMTP: Found extension "SIZE", arg "35882577"
DEBUG SMTP: Found extension "8BITMIME", arg ""
DEBUG SMTP: Found extension "AUTH", arg "LOGIN PLAIN XOAUTH2 PLAIN-CLIENTTOKEN OAUTHBEARER XOAUTH"
DEBUG SMTP: Found extension "ENHANCEDSTATUSCODES", arg ""
DEBUG SMTP: Found extension "PIPELINING", arg ""
DEBUG SMTP: Found extension "CHUNKING", arg ""
DEBUG SMTP: Found extension "SMTPUTF8", arg ""
DEBUG SMTP: protocolConnect login, host=smtp.gmail.com, user=ademyoussfi57@gmail.com, password=<non-null>
DEBUG SMTP: Attempt to authenticate using mechanisms: LOGIN PLAIN DIGEST-MD5 NTLM XOAUTH2 
DEBUG SMTP: Using mechanism LOGIN
DEBUG SMTP: AUTH LOGIN command trace suppressed
DEBUG SMTP: AUTH LOGIN succeeded
DEBUG SMTP: use8bit false
MAIL FROM:<ademyoussfi@pop-os>
250 2.1.0 OK ffacd0b85a97d-4324493fd73sm1224747f8f.13 - gsmtp
RCPT TO:<reset-test@example.com>
250 2.1.5 OK ffacd0b85a97d-4324493fd73sm1224747f8f.13 - gsmtp
DEBUG SMTP: Verified Addresses
DEBUG SMTP:   reset-test@example.com
DATA
354 Go ahead ffacd0b85a97d-4324493fd73sm1224747f8f.13 - gsmtp
Date: Wed, 17 Dec 2025 22:47:47 +0100 (CET)
To: reset-test@example.com
Message-ID: <410402030.5.1766008067857@pop-os>
Subject: IntelliManage Password Reset Code
MIME-Version: 1.0
Content-Type: multipart/mixed; 
	boundary="----=_Part_3_85360977.1766008067223"

------=_Part_3_85360977.1766008067223
Content-Type: multipart/related; 
	boundary="----=_Part_4_1237056139.1766008067224"

------=_Part_4_1237056139.1766008067224
Content-Type: text/html;charset=UTF-8
Content-Transfer-Encoding: 7bit

<div style='font-family: Arial, sans-serif; max-width: 600px; margin: 0 auto; padding: 20px; border: 1px solid #e0e0e0; border-radius: 10px;'><h2 style='color: #4A90E2; text-align: center;'>IntelliManage</h2><p>Hello,</p><p>You requested a password reset. Please use the following 6-digit code to reset your password:</p><div style='background-color: #f9f9f9; padding: 15px; border-radius: 5px; text-align: center; font-size: 24px; font-weight: bold; letter-spacing: 5px; color: #333;'>729913</div><p>This code will expire in 10 minutes.</p><p>If you did not request a password reset, please ignore this email.</p><hr style='border: 0; border-top: 1px solid #eee; margin: 20px 0;'><p style='font-size: 12px; color: #888; text-align: center;'>&copy; 2025 IntelliManage. All rights reserved.</p></div>
------=_Part_4_1237056139.1766008067224--

------=_Part_3_85360977.1766008067223--
.
250 2.0.0 OK  1766008068 ffacd0b85a97d-4324493fd73sm1224747f8f.13 - gsmtp
DEBUG SMTP: message successfully delivered to mail server
QUIT
221 2.0.0 closing connection ffacd0b85a97d-4324493fd73sm1224747f8f.13 - gsmtp
Hibernate: update verification_codes set code=?,email=?,expiry_date=? where id=?
Hibernate: select vc1_0.id,vc1_0.code,vc1_0.email,vc1_0.expiry_date from verification_codes vc1_0 where vc1_0.email=?
Hibernate: select vc1_0.id,vc1_0.code,vc1_0.email,vc1_0.expiry_date from verification_codes vc1_0 where vc1_0.email=?
Hibernate: select au1_0.id,au1_0.created_at,au1_0.email,au1_0.enabled,au1_0.full_name,au1_0.password,au1_0.role_type from users au1_0 where au1_0.email=?
Hibernate: update users set email=?,enabled=?,full_name=?,password=?,role_type=? where id=?
Hibernate: delete from verification_codes where id=?
Hibernate: select vc1_0.id,vc1_0.code,vc1_0.email,vc1_0.expiry_date from verification_codes vc1_0 where vc1_0.email=?
Hibernate: select au1_0.id,au1_0.created_at,au1_0.email,au1_0.enabled,au1_0.full_name,au1_0.password,au1_0.role_type from users au1_0 where au1_0.email=?
Hibernate: select au1_0.id,au1_0.created_at,au1_0.email,au1_0.enabled,au1_0.full_name,au1_0.password,au1_0.role_type from users au1_0 where au1_0.email=?
Hibernate: select au1_0.id,au1_0.created_at,au1_0.email,au1_0.enabled,au1_0.full_name,au1_0.password,au1_0.role_type from users au1_0 where au1_0.email=?
Hibernate: select au1_0.id,au1_0.created_at,au1_0.email,au1_0.enabled,au1_0.full_name,au1_0.password,au1_0.role_type from users au1_0 where au1_0.email=?
Hibernate: select au1_0.id,au1_0.created_at,au1_0.email,au1_0.enabled,au1_0.full_name,au1_0.password,au1_0.role_type from users au1_0 where au1_0.email=?
Hibernate: select au1_0.id,au1_0.created_at,au1_0.email,au1_0.enabled,au1_0.full_name,au1_0.password,au1_0.role_type from users au1_0 where au1_0.email=?
Hibernate: select au1_0.id,au1_0.created_at,au1_0.email,au1_0.enabled,au1_0.full_name,au1_0.password,au1_0.role_type from users au1_0 where au1_0.email=?
Hibernate: select pm1_0.project_id,pm1_0.user_id,pm1_0.role_in_project from project_members pm1_0 where pm1_0.user_id=?
Hibernate: select au1_0.id,au1_0.created_at,au1_0.email,au1_0.enabled,au1_0.full_name,au1_0.password,au1_0.role_type from users au1_0 where au1_0.email=?
Hibernate: select au1_0.id,au1_0.created_at,au1_0.email,au1_0.enabled,au1_0.full_name,au1_0.password,au1_0.role_type from users au1_0 where au1_0.email=?
Hibernate: select vc1_0.id,vc1_0.code,vc1_0.email,vc1_0.expiry_date from verification_codes vc1_0 where vc1_0.email=?
Hibernate: insert into verification_codes (code,email,expiry_date) values (?,?,?)
DEBUG: getProvider() returning jakarta.mail.Provider[TRANSPORT,smtp,org.eclipse.angus.mail.smtp.SMTPTransport,Oracle]
DEBUG SMTP: useEhlo true, useAuth true
DEBUG SMTP: trying to connect to host "smtp.gmail.com", port 587, isSSL false
220 smtp.gmail.com ESMTP ffacd0b85a97d-432449ade52sm1176345f8f.41 - gsmtp
DEBUG SMTP: connected to host "smtp.gmail.com", port: 587
EHLO pop-os
250-smtp.gmail.com at your service, [197.14.231.12]
250-SIZE 35882577
250-8BITMIME
250-STARTTLS
250-ENHANCEDSTATUSCODES
250-PIPELINING
250-CHUNKING
250 SMTPUTF8
DEBUG SMTP: Found extension "SIZE", arg "35882577"
DEBUG SMTP: Found extension "8BITMIME", arg ""
DEBUG SMTP: Found extension "STARTTLS", arg ""
DEBUG SMTP: Found extension "ENHANCEDSTATUSCODES", arg ""
DEBUG SMTP: Found extension "PIPELINING", arg ""
DEBUG SMTP: Found extension "CHUNKING", arg ""
DEBUG SMTP: Found extension "SMTPUTF8", arg ""
STARTTLS
220 2.0.0 Ready to start TLS
EHLO pop-os
250-smtp.gmail.com at your service, [197.14.231.12]
250-SIZE 35882577
250-8BITMIME
250-AUTH LOGIN PLAIN XOAUTH2 PLAIN-CLIENTTOKEN OAUTHBEARER XOAUTH
250-ENHANCEDSTATUSCODES
250-PIPELINING
250-CHUNKING
250 SMTPUTF8
DEBUG SMTP: Found extension "SIZE", arg "35882577"
DEBUG SMTP: Found extension "8BITMIME", arg ""
DEBUG SMTP: Found extension "AUTH", arg "LOGIN PLAIN XOAUTH2 PLAIN-CLIENTTOKEN OAUTHBEARER XOAUTH"
DEBUG SMTP: Found extension "ENHANCEDSTATUSCODES", arg ""
DEBUG SMTP: Found extension "PIPELINING", arg ""
DEBUG SMTP: Found extension "CHUNKING", arg ""
DEBUG SMTP: Found extension "SMTPUTF8", arg ""
DEBUG SMTP: protocolConnect login, host=smtp.gmail.com, user=ademyoussfi57@gmail.com, password=<non-null>
DEBUG SMTP: Attempt to authenticate using mechanisms: LOGIN PLAIN DIGEST-MD5 NTLM XOAUTH2 
DEBUG SMTP: Using mechanism LOGIN
DEBUG SMTP: AUTH LOGIN command trace suppressed
DEBUG SMTP: AUTH LOGIN succeeded
DEBUG SMTP: use8bit false
MAIL FROM:<ademyoussfi@pop-os>
250 2.1.0 OK ffacd0b85a97d-432449ade52sm1176345f8f.41 - gsmtp
RCPT TO:<ademyoussfi57@gmail.com>
250 2.1.5 OK ffacd0b85a97d-432449ade52sm1176345f8f.41 - gsmtp
DEBUG SMTP: Verified Addresses
DEBUG SMTP:   ademyoussfi57@gmail.com
DATA
354 Go ahead ffacd0b85a97d-432449ade52sm1176345f8f.41 - gsmtp
Date: Wed, 17 Dec 2025 22:50:41 +0100 (CET)
To: ademyoussfi57@gmail.com
Message-ID: <85440923.8.1766008241575@pop-os>
Subject: IntelliManage Password Reset Code
MIME-Version: 1.0
Content-Type: multipart/mixed; 
	boundary="----=_Part_6_1745078330.1766008240546"

------=_Part_6_1745078330.1766008240546
Content-Type: multipart/related; 
	boundary="----=_Part_7_1293513735.1766008240547"

------=_Part_7_1293513735.1766008240547
Content-Type: text/html;charset=UTF-8
Content-Transfer-Encoding: 7bit

<div style='font-family: Arial, sans-serif; max-width: 600px; margin: 0 auto; padding: 20px; border: 1px solid #e0e0e0; border-radius: 10px;'><h2 style='color: #4A90E2; text-align: center;'>IntelliManage</h2><p>Hello,</p><p>You requested a password reset. Please use the following 6-digit code to reset your password:</p><div style='background-color: #f9f9f9; padding: 15px; border-radius: 5px; text-align: center; font-size: 24px; font-weight: bold; letter-spacing: 5px; color: #333;'>915927</div><p>This code will expire in 10 minutes.</p><p>If you did not request a password reset, please ignore this email.</p><hr style='border: 0; border-top: 1px solid #eee; margin: 20px 0;'><p style='font-size: 12px; color: #888; text-align: center;'>&copy; 2025 IntelliManage. All rights reserved.</p></div>
------=_Part_7_1293513735.1766008240547--

------=_Part_6_1745078330.1766008240546--
.
250 2.0.0 OK  1766008243 ffacd0b85a97d-432449ade52sm1176345f8f.41 - gsmtp
DEBUG SMTP: message successfully delivered to mail server
QUIT
221 2.0.0 closing connection ffacd0b85a97d-432449ade52sm1176345f8f.41 - gsmtp
Hibernate: select au1_0.id,au1_0.created_at,au1_0.email,au1_0.enabled,au1_0.full_name,au1_0.password,au1_0.role_type from users au1_0 where au1_0.email=?
Hibernate: select vc1_0.id,vc1_0.code,vc1_0.email,vc1_0.expiry_date from verification_codes vc1_0 where vc1_0.email=?
DEBUG: getProvider() returning jakarta.mail.Provider[TRANSPORT,smtp,org.eclipse.angus.mail.smtp.SMTPTransport,Oracle]
DEBUG SMTP: useEhlo true, useAuth true
DEBUG SMTP: trying to connect to host "smtp.gmail.com", port 587, isSSL false
220 smtp.gmail.com ESMTP ffacd0b85a97d-4324498f8fcsm1138682f8f.24 - gsmtp
DEBUG SMTP: connected to host "smtp.gmail.com", port: 587
EHLO pop-os
250-smtp.gmail.com at your service, [197.14.231.12]
250-SIZE 35882577
250-8BITMIME
250-STARTTLS
250-ENHANCEDSTATUSCODES
250-PIPELINING
250-CHUNKING
250 SMTPUTF8
DEBUG SMTP: Found extension "SIZE", arg "35882577"
DEBUG SMTP: Found extension "8BITMIME", arg ""
DEBUG SMTP: Found extension "STARTTLS", arg ""
DEBUG SMTP: Found extension "ENHANCEDSTATUSCODES", arg ""
DEBUG SMTP: Found extension "PIPELINING", arg ""
DEBUG SMTP: Found extension "CHUNKING", arg ""
DEBUG SMTP: Found extension "SMTPUTF8", arg ""
STARTTLS
220 2.0.0 Ready to start TLS
EHLO pop-os
250-smtp.gmail.com at your service, [197.14.231.12]
250-SIZE 35882577
250-8BITMIME
250-AUTH LOGIN PLAIN XOAUTH2 PLAIN-CLIENTTOKEN OAUTHBEARER XOAUTH
250-ENHANCEDSTATUSCODES
250-PIPELINING
250-CHUNKING
250 SMTPUTF8
DEBUG SMTP: Found extension "SIZE", arg "35882577"
DEBUG SMTP: Found extension "8BITMIME", arg ""
DEBUG SMTP: Found extension "AUTH", arg "LOGIN PLAIN XOAUTH2 PLAIN-CLIENTTOKEN OAUTHBEARER XOAUTH"
DEBUG SMTP: Found extension "ENHANCEDSTATUSCODES", arg ""
DEBUG SMTP: Found extension "PIPELINING", arg ""
DEBUG SMTP: Found extension "CHUNKING", arg ""
DEBUG SMTP: Found extension "SMTPUTF8", arg ""
DEBUG SMTP: protocolConnect login, host=smtp.gmail.com, user=ademyoussfi57@gmail.com, password=<non-null>
DEBUG SMTP: Attempt to authenticate using mechanisms: LOGIN PLAIN DIGEST-MD5 NTLM XOAUTH2 
DEBUG SMTP: Using mechanism LOGIN
DEBUG SMTP: AUTH LOGIN command trace suppressed
DEBUG SMTP: AUTH LOGIN succeeded
DEBUG SMTP: use8bit false
MAIL FROM:<ademyoussfi@pop-os>
250 2.1.0 OK ffacd0b85a97d-4324498f8fcsm1138682f8f.24 - gsmtp
RCPT TO:<ademyoussfi57@gmail.com>
250 2.1.5 OK ffacd0b85a97d-4324498f8fcsm1138682f8f.24 - gsmtp
DEBUG SMTP: Verified Addresses
DEBUG SMTP:   ademyoussfi57@gmail.com
DATA
354 Go ahead ffacd0b85a97d-4324498f8fcsm1138682f8f.24 - gsmtp
Date: Wed, 17 Dec 2025 22:52:20 +0100 (CET)
To: ademyoussfi57@gmail.com
Message-ID: <915317882.11.1766008340082@pop-os>
Subject: IntelliManage Password Reset Code
MIME-Version: 1.0
Content-Type: multipart/mixed; 
	boundary="----=_Part_9_1024024814.1766008339211"

------=_Part_9_1024024814.1766008339211
Content-Type: multipart/related; 
	boundary="----=_Part_10_2090487792.1766008339212"

------=_Part_10_2090487792.1766008339212
Content-Type: text/html;charset=UTF-8
Content-Transfer-Encoding: 7bit

<div style='font-family: Arial, sans-serif; max-width: 600px; margin: 0 auto; padding: 20px; border: 1px solid #e0e0e0; border-radius: 10px;'><h2 style='color: #4A90E2; text-align: center;'>IntelliManage</h2><p>Hello,</p><p>You requested a password reset. Please use the following 6-digit code to reset your password:</p><div style='background-color: #f9f9f9; padding: 15px; border-radius: 5px; text-align: center; font-size: 24px; font-weight: bold; letter-spacing: 5px; color: #333;'>310807</div><p>This code will expire in 10 minutes.</p><p>If you did not request a password reset, please ignore this email.</p><hr style='border: 0; border-top: 1px solid #eee; margin: 20px 0;'><p style='font-size: 12px; color: #888; text-align: center;'>&copy; 2025 IntelliManage. All rights reserved.</p></div>
------=_Part_10_2090487792.1766008339212--

------=_Part_9_1024024814.1766008339211--
.
250 2.0.0 OK  1766008340 ffacd0b85a97d-4324498f8fcsm1138682f8f.24 - gsmtp
DEBUG SMTP: message successfully delivered to mail server
QUIT
221 2.0.0 closing connection ffacd0b85a97d-4324498f8fcsm1138682f8f.24 - gsmtp
Hibernate: update verification_codes set code=?,email=?,expiry_date=? where id=?
Hibernate: select vc1_0.id,vc1_0.code,vc1_0.email,vc1_0.expiry_date from verification_codes vc1_0 where vc1_0.email=?
Hibernate: select vc1_0.id,vc1_0.code,vc1_0.email,vc1_0.expiry_date from verification_codes vc1_0 where vc1_0.email=?
Hibernate: select au1_0.id,au1_0.created_at,au1_0.email,au1_0.enabled,au1_0.full_name,au1_0.password,au1_0.role_type from users au1_0 where au1_0.email=?
Hibernate: update users set email=?,enabled=?,full_name=?,password=?,role_type=? where id=?
Hibernate: delete from verification_codes where id=?
Hibernate: select au1_0.id,au1_0.created_at,au1_0.email,au1_0.enabled,au1_0.full_name,au1_0.password,au1_0.role_type from users au1_0 where au1_0.email=?
Hibernate: select au1_0.id,au1_0.created_at,au1_0.email,au1_0.enabled,au1_0.full_name,au1_0.password,au1_0.role_type from users au1_0 where au1_0.email=?
Hibernate: select au1_0.id,au1_0.created_at,au1_0.email,au1_0.enabled,au1_0.full_name,au1_0.password,au1_0.role_type from users au1_0 where au1_0.email=?
Hibernate: select au1_0.id,au1_0.created_at,au1_0.email,au1_0.enabled,au1_0.full_name,au1_0.password,au1_0.role_type from users au1_0 where au1_0.email=?
Hibernate: select au1_0.id,au1_0.created_at,au1_0.email,au1_0.enabled,au1_0.full_name,au1_0.password,au1_0.role_type from users au1_0 where au1_0.email=?
Hibernate: select au1_0.id,au1_0.created_at,au1_0.email,au1_0.enabled,au1_0.full_name,au1_0.password,au1_0.role_type from users au1_0 where au1_0.email=?
Hibernate: select au1_0.id,au1_0.created_at,au1_0.email,au1_0.enabled,au1_0.full_name,au1_0.password,au1_0.role_type from users au1_0 where au1_0.email=?
Hibernate: select p1_0.id,p1_0.created_at,p1_0.description,p1_0.founder_id,p1_0.name,p1_0.priority,p1_0.start_date,p1_0.status from projects p1_0
Hibernate: select au1_0.id,au1_0.created_at,au1_0.email,au1_0.enabled,au1_0.full_name,au1_0.password,au1_0.role_type from users au1_0 where au1_0.email=?
Hibernate: select au1_0.id,au1_0.created_at,au1_0.email,au1_0.enabled,au1_0.full_name,au1_0.password,au1_0.role_type from users au1_0 where au1_0.email=?
[INFO] ------------------------------------------------------------------------
[INFO] BUILD FAILURE
[INFO] ------------------------------------------------------------------------
[INFO] Total time:  09:19 min
[INFO] Finished at: 2025-12-17T22:55:02+01:00
[INFO] ------------------------------------------------------------------------
[ERROR] Failed to execute goal org.springframework.boot:spring-boot-maven-plugin:3.3.5:run (default-cli) on project demo: Process terminated with exit code: 137 -> [Help 1]
[ERROR] 
[ERROR] To see the full stack trace of the errors, re-run Maven with the -e switch.
[ERROR] Re-run Maven using the -X switch to enable full debug logging.
[ERROR] 
[ERROR] For more information about the errors and possible solutions, please read the following articles:
[ERROR] [Help 1] http://cwiki.apache.org/confluence/display/MAVEN/MojoExecutionException
